[2024-09-24T20:13:46.211+0000] {local_task_job_runner.py:120} INFO - ::group::Pre task execution logs
[2024-09-24T20:13:46.256+0000] {taskinstance.py:2076} INFO - Dependencies all met for dep_context=non-requeueable deps ti=<TaskInstance: weekly_spak_agg.spark_agg_task manual__2024-09-24T20:13:45.007992+00:00 [queued]>
[2024-09-24T20:13:46.266+0000] {taskinstance.py:2076} INFO - Dependencies all met for dep_context=requeueable deps ti=<TaskInstance: weekly_spak_agg.spark_agg_task manual__2024-09-24T20:13:45.007992+00:00 [queued]>
[2024-09-24T20:13:46.267+0000] {taskinstance.py:2306} INFO - Starting attempt 1 of 2
[2024-09-24T20:13:46.282+0000] {taskinstance.py:2330} INFO - Executing <Task(DockerOperator): spark_agg_task> on 2024-09-24 20:13:45.007992+00:00
[2024-09-24T20:13:46.289+0000] {standard_task_runner.py:90} INFO - Running: ['***', 'tasks', 'run', 'weekly_spak_agg', 'spark_agg_task', 'manual__2024-09-24T20:13:45.007992+00:00', '--job-id', '55', '--raw', '--subdir', 'DAGS_FOLDER/agg_dag.py', '--cfg-path', '/tmp/tmpzbaom4uo']
[2024-09-24T20:13:46.292+0000] {logging_mixin.py:188} WARNING - /home/***/.local/lib/python3.12/site-packages/***/task/task_runner/standard_task_runner.py:61 DeprecationWarning: This process (pid=213) is multi-threaded, use of fork() may lead to deadlocks in the child.
[2024-09-24T20:13:46.293+0000] {standard_task_runner.py:91} INFO - Job 55: Subtask spark_agg_task
[2024-09-24T20:13:46.293+0000] {standard_task_runner.py:63} INFO - Started process 214 to run task
[2024-09-24T20:13:46.341+0000] {task_command.py:426} INFO - Running <TaskInstance: weekly_spak_agg.spark_agg_task manual__2024-09-24T20:13:45.007992+00:00 [running]> on host 9d8c86e724a5
[2024-09-24T20:13:46.439+0000] {taskinstance.py:2648} INFO - Exporting env vars: AIRFLOW_CTX_DAG_OWNER='***' AIRFLOW_CTX_DAG_ID='weekly_spak_agg' AIRFLOW_CTX_TASK_ID='spark_agg_task' AIRFLOW_CTX_EXECUTION_DATE='2024-09-24T20:13:45.007992+00:00' AIRFLOW_CTX_TRY_NUMBER='1' AIRFLOW_CTX_DAG_RUN_ID='manual__2024-09-24T20:13:45.007992+00:00'
[2024-09-24T20:13:46.440+0000] {taskinstance.py:430} INFO - ::endgroup::
[2024-09-24T20:13:46.532+0000] {docker.py:324} INFO - Starting docker container from image spark_agg
[2024-09-24T20:13:46.952+0000] {docker.py:391} INFO - [38;5;6mspark [38;5;5m20:13:46.95 [0m[38;5;2mINFO [0m ==>
[2024-09-24T20:13:46.963+0000] {docker.py:391} INFO - [38;5;6mspark [38;5;5m20:13:46.95 [0m[38;5;2mINFO [0m ==> [1mWelcome to the Bitnami spark container[0m
[2024-09-24T20:13:46.965+0000] {docker.py:391} INFO - [38;5;6mspark [38;5;5m20:13:46.95 [0m[38;5;2mINFO [0m ==> Subscribe to project updates by watching [1mhttps://github.com/bitnami/containers[0m
[2024-09-24T20:13:46.966+0000] {docker.py:391} INFO - [38;5;6mspark [38;5;5m20:13:46.96 [0m[38;5;2mINFO [0m ==> Submit issues and feature requests at [1mhttps://github.com/bitnami/containers/issues[0m
[2024-09-24T20:13:46.970+0000] {docker.py:391} INFO - [38;5;6mspark [38;5;5m20:13:46.96 [0m[38;5;2mINFO [0m ==> Upgrade to Tanzu Application Catalog for production environments to access custom-configured and pre-packaged software components. Gain enhanced features, including Software Bill of Materials (SBOM), CVE scan result reports, and VEX documents. To learn more, visit [1mhttps://bitnami.com/enterprise[0m
[2024-09-24T20:13:46.972+0000] {docker.py:391} INFO - [38;5;6mspark [38;5;5m20:13:46.97 [0m[38;5;2mINFO [0m ==>
[2024-09-24T20:13:46.983+0000] {docker.py:391} INFO - 
[2024-09-24T20:13:50.192+0000] {docker.py:391} INFO - 2024-09-24 20:13:50 INFO: Вычисление агрегата за период с 2024-09-17 по 2024-09-23
[2024-09-24T20:13:50.194+0000] {docker.py:391} INFO - 2024-09-24 20:13:50 INFO: Файлы для агрегации: ['/opt/spark/input/2024-09-17.csv', '/opt/spark/input/2024-09-21.csv', '/opt/spark/input/2024-09-20.csv', '/opt/spark/input/2024-09-22.csv', '/opt/spark/input/2024-09-23.csv', '/opt/spark/input/2024-09-18.csv', '/opt/spark/input/2024-09-19.csv']
[2024-09-24T20:13:50.278+0000] {docker.py:391} INFO - 24/09/24 20:13:50 INFO SparkContext: Running Spark version 3.5.2
[2024-09-24T20:13:50.280+0000] {docker.py:391} INFO - 24/09/24 20:13:50 INFO SparkContext: OS info Linux, 6.5.11-linuxkit, amd64
[2024-09-24T20:13:50.281+0000] {docker.py:391} INFO - 24/09/24 20:13:50 INFO SparkContext: Java version 17.0.12
[2024-09-24T20:13:50.307+0000] {docker.py:391} INFO - 24/09/24 20:13:50 INFO ResourceUtils: ==============================================================
[2024-09-24T20:13:50.308+0000] {docker.py:391} INFO - 24/09/24 20:13:50 INFO ResourceUtils: No custom resources configured for spark.driver.
[2024-09-24T20:13:50.309+0000] {docker.py:391} INFO - 24/09/24 20:13:50 INFO ResourceUtils: ==============================================================
[2024-09-24T20:13:50.309+0000] {docker.py:391} INFO - 24/09/24 20:13:50 INFO SparkContext: Submitted application: User Actions Aggregation
[2024-09-24T20:13:50.332+0000] {docker.py:391} INFO - 24/09/24 20:13:50 INFO ResourceProfile: Default ResourceProfile created, executor resources: Map(cores -> name: cores, amount: 1, script: , vendor: , memory -> name: memory, amount: 1024, script: , vendor: , offHeap -> name: offHeap, amount: 0, script: , vendor: ), task resources: Map(cpus -> name: cpus, amount: 1.0)
[2024-09-24T20:13:50.341+0000] {docker.py:391} INFO - 24/09/24 20:13:50 INFO ResourceProfile: Limiting resource is cpu
[2024-09-24T20:13:50.342+0000] {docker.py:391} INFO - 24/09/24 20:13:50 INFO ResourceProfileManager: Added ResourceProfile id: 0
[2024-09-24T20:13:50.388+0000] {docker.py:391} INFO - 24/09/24 20:13:50 INFO SecurityManager: Changing view acls to: spark
[2024-09-24T20:13:50.389+0000] {docker.py:391} INFO - 24/09/24 20:13:50 INFO SecurityManager: Changing modify acls to: spark
[2024-09-24T20:13:50.390+0000] {docker.py:391} INFO - 24/09/24 20:13:50 INFO SecurityManager: Changing view acls groups to:
[2024-09-24T20:13:50.390+0000] {docker.py:391} INFO - 24/09/24 20:13:50 INFO SecurityManager: Changing modify acls groups to:
[2024-09-24T20:13:50.391+0000] {docker.py:391} INFO - 24/09/24 20:13:50 INFO SecurityManager: SecurityManager: authentication disabled; ui acls disabled; users with view permissions: spark; groups with view permissions: EMPTY; users with modify permissions: spark; groups with modify permissions: EMPTY
[2024-09-24T20:13:50.461+0000] {docker.py:391} INFO - 24/09/24 20:13:50 WARN NativeCodeLoader: Unable to load native-hadoop library for your platform... using builtin-java classes where applicable
[2024-09-24T20:13:50.731+0000] {docker.py:391} INFO - 24/09/24 20:13:50 INFO Utils: Successfully started service 'sparkDriver' on port 36777.
[2024-09-24T20:13:50.759+0000] {docker.py:391} INFO - 24/09/24 20:13:50 INFO SparkEnv: Registering MapOutputTracker
[2024-09-24T20:13:50.796+0000] {docker.py:391} INFO - 24/09/24 20:13:50 INFO SparkEnv: Registering BlockManagerMaster
[2024-09-24T20:13:50.811+0000] {docker.py:391} INFO - 24/09/24 20:13:50 INFO BlockManagerMasterEndpoint: Using org.apache.spark.storage.DefaultTopologyMapper for getting topology information
[2024-09-24T20:13:50.830+0000] {docker.py:391} INFO - 24/09/24 20:13:50 INFO BlockManagerMasterEndpoint: BlockManagerMasterEndpoint up
[2024-09-24T20:13:50.830+0000] {docker.py:391} INFO - 24/09/24 20:13:50 INFO SparkEnv: Registering BlockManagerMasterHeartbeat
[2024-09-24T20:13:50.832+0000] {docker.py:391} INFO - 24/09/24 20:13:50 INFO DiskBlockManager: Created local directory at /tmp/blockmgr-0785d546-46b7-497a-bf94-ff75d03d978b
[2024-09-24T20:13:50.845+0000] {docker.py:391} INFO - 24/09/24 20:13:50 INFO MemoryStore: MemoryStore started with capacity 434.4 MiB
[2024-09-24T20:13:50.859+0000] {docker.py:391} INFO - 24/09/24 20:13:50 INFO SparkEnv: Registering OutputCommitCoordinator
[2024-09-24T20:13:50.976+0000] {docker.py:391} INFO - 24/09/24 20:13:50 INFO JettyUtils: Start Jetty 0.0.0.0:4040 for SparkUI
[2024-09-24T20:13:51.041+0000] {docker.py:391} INFO - 24/09/24 20:13:51 INFO Utils: Successfully started service 'SparkUI' on port 4040.
[2024-09-24T20:13:51.127+0000] {docker.py:391} INFO - 24/09/24 20:13:51 INFO Executor: Starting executor ID driver on host d9d642258aad
[2024-09-24T20:13:51.128+0000] {docker.py:391} INFO - 24/09/24 20:13:51 INFO Executor: OS info Linux, 6.5.11-linuxkit, amd64
[2024-09-24T20:13:51.128+0000] {docker.py:391} INFO - 24/09/24 20:13:51 INFO Executor: Java version 17.0.12
[2024-09-24T20:13:51.139+0000] {docker.py:391} INFO - 24/09/24 20:13:51 INFO Executor: Starting executor with user classpath (userClassPathFirst = false): ''
[2024-09-24T20:13:51.140+0000] {docker.py:391} INFO - 24/09/24 20:13:51 INFO Executor: Created or updated repl class loader org.apache.spark.util.MutableURLClassLoader@259cb664 for default.
[2024-09-24T20:13:51.164+0000] {docker.py:391} INFO - 24/09/24 20:13:51 INFO Utils: Successfully started service 'org.apache.spark.network.netty.NettyBlockTransferService' on port 36747.
[2024-09-24T20:13:51.164+0000] {docker.py:391} INFO - 24/09/24 20:13:51 INFO NettyBlockTransferService: Server created on d9d642258aad:36747
[2024-09-24T20:13:51.166+0000] {docker.py:391} INFO - 24/09/24 20:13:51 INFO BlockManager: Using org.apache.spark.storage.RandomBlockReplicationPolicy for block replication policy
[2024-09-24T20:13:51.171+0000] {docker.py:391} INFO - 24/09/24 20:13:51 INFO BlockManagerMaster: Registering BlockManager BlockManagerId(driver, d9d642258aad, 36747, None)
[2024-09-24T20:13:51.175+0000] {docker.py:391} INFO - 24/09/24 20:13:51 INFO BlockManagerMasterEndpoint: Registering block manager d9d642258aad:36747 with 434.4 MiB RAM, BlockManagerId(driver, d9d642258aad, 36747, None)
[2024-09-24T20:13:51.178+0000] {docker.py:391} INFO - 24/09/24 20:13:51 INFO BlockManagerMaster: Registered BlockManager BlockManagerId(driver, d9d642258aad, 36747, None)
[2024-09-24T20:13:51.179+0000] {docker.py:391} INFO - 24/09/24 20:13:51 INFO BlockManager: Initialized BlockManager: BlockManagerId(driver, d9d642258aad, 36747, None)
[2024-09-24T20:13:51.596+0000] {docker.py:391} INFO - 24/09/24 20:13:51 INFO SharedState: Setting hive.metastore.warehouse.dir ('null') to the value of spark.sql.warehouse.dir.
[2024-09-24T20:13:51.603+0000] {docker.py:391} INFO - 24/09/24 20:13:51 INFO SharedState: Warehouse path is 'file:/workdir/spark-warehouse'.
[2024-09-24T20:13:52.428+0000] {docker.py:391} INFO - 24/09/24 20:13:52 INFO InMemoryFileIndex: It took 38 ms to list leaf files for 7 paths.
[2024-09-24T20:13:53.613+0000] {docker.py:391} INFO - 24/09/24 20:13:53 INFO FileSourceStrategy: Pushed Filters:
[2024-09-24T20:13:53.614+0000] {docker.py:391} INFO - 24/09/24 20:13:53 INFO FileSourceStrategy: Post-Scan Filters:
[2024-09-24T20:13:54.297+0000] {docker.py:391} INFO - 24/09/24 20:13:54 INFO CodeGenerator: Code generated in 262.40088 ms
[2024-09-24T20:13:54.339+0000] {docker.py:391} INFO - 24/09/24 20:13:54 INFO MemoryStore: Block broadcast_0 stored as values in memory (estimated size 199.4 KiB, free 434.2 MiB)
[2024-09-24T20:13:54.404+0000] {docker.py:391} INFO - 24/09/24 20:13:54 INFO MemoryStore: Block broadcast_0_piece0 stored as bytes in memory (estimated size 34.2 KiB, free 434.2 MiB)
[2024-09-24T20:13:54.407+0000] {docker.py:391} INFO - 24/09/24 20:13:54 INFO BlockManagerInfo: Added broadcast_0_piece0 in memory on d9d642258aad:36747 (size: 34.2 KiB, free: 434.4 MiB)
[2024-09-24T20:13:54.412+0000] {docker.py:391} INFO - 24/09/24 20:13:54 INFO SparkContext: Created broadcast 0 from csv at NativeMethodAccessorImpl.java:0
[2024-09-24T20:13:54.435+0000] {docker.py:391} INFO - 24/09/24 20:13:54 INFO FileSourceScanExec: Planning scan with bin packing, max size: 4998452 bytes, open cost is considered as scanning 4194304 bytes.
[2024-09-24T20:13:54.653+0000] {docker.py:391} INFO - 24/09/24 20:13:54 INFO DAGScheduler: Registering RDD 3 (csv at NativeMethodAccessorImpl.java:0) as input to shuffle 0
[2024-09-24T20:13:54.658+0000] {docker.py:391} INFO - 24/09/24 20:13:54 INFO DAGScheduler: Got map stage job 0 (csv at NativeMethodAccessorImpl.java:0) with 4 output partitions
[2024-09-24T20:13:54.659+0000] {docker.py:391} INFO - 24/09/24 20:13:54 INFO DAGScheduler: Final stage: ShuffleMapStage 0 (csv at NativeMethodAccessorImpl.java:0)
[2024-09-24T20:13:54.659+0000] {docker.py:391} INFO - 24/09/24 20:13:54 INFO DAGScheduler: Parents of final stage: List()
[2024-09-24T20:13:54.660+0000] {docker.py:391} INFO - 24/09/24 20:13:54 INFO DAGScheduler: Missing parents: List()
[2024-09-24T20:13:54.664+0000] {docker.py:391} INFO - 24/09/24 20:13:54 INFO DAGScheduler: Submitting ShuffleMapStage 0 (MapPartitionsRDD[3] at csv at NativeMethodAccessorImpl.java:0), which has no missing parents
[2024-09-24T20:13:54.689+0000] {docker.py:391} INFO - 24/09/24 20:13:54 INFO MemoryStore: Block broadcast_1 stored as values in memory (estimated size 48.8 KiB, free 434.1 MiB)
[2024-09-24T20:13:54.697+0000] {docker.py:391} INFO - 24/09/24 20:13:54 INFO MemoryStore: Block broadcast_1_piece0 stored as bytes in memory (estimated size 21.1 KiB, free 434.1 MiB)
[2024-09-24T20:13:54.698+0000] {docker.py:391} INFO - 24/09/24 20:13:54 INFO BlockManagerInfo: Added broadcast_1_piece0 in memory on d9d642258aad:36747 (size: 21.1 KiB, free: 434.3 MiB)
[2024-09-24T20:13:54.699+0000] {docker.py:391} INFO - 24/09/24 20:13:54 INFO SparkContext: Created broadcast 1 from broadcast at DAGScheduler.scala:1585
[2024-09-24T20:13:54.713+0000] {docker.py:391} INFO - 24/09/24 20:13:54 INFO DAGScheduler: Submitting 4 missing tasks from ShuffleMapStage 0 (MapPartitionsRDD[3] at csv at NativeMethodAccessorImpl.java:0) (first 15 tasks are for partitions Vector(0, 1, 2, 3))
[2024-09-24T20:13:54.714+0000] {docker.py:391} INFO - 24/09/24 20:13:54 INFO TaskSchedulerImpl: Adding task set 0.0 with 4 tasks resource profile 0
[2024-09-24T20:13:54.757+0000] {docker.py:391} INFO - 24/09/24 20:13:54 INFO TaskSetManager: Starting task 0.0 in stage 0.0 (TID 0) (d9d642258aad, executor driver, partition 0, PROCESS_LOCAL, 9684 bytes)
[2024-09-24T20:13:54.761+0000] {docker.py:391} INFO - 24/09/24 20:13:54 INFO TaskSetManager: Starting task 1.0 in stage 0.0 (TID 1) (d9d642258aad, executor driver, partition 1, PROCESS_LOCAL, 9684 bytes)
[2024-09-24T20:13:54.762+0000] {docker.py:391} INFO - 24/09/24 20:13:54 INFO TaskSetManager: Starting task 2.0 in stage 0.0 (TID 2) (d9d642258aad, executor driver, partition 2, PROCESS_LOCAL, 9684 bytes)
[2024-09-24T20:13:54.763+0000] {docker.py:391} INFO - 24/09/24 20:13:54 INFO TaskSetManager: Starting task 3.0 in stage 0.0 (TID 3) (d9d642258aad, executor driver, partition 3, PROCESS_LOCAL, 9589 bytes)
[2024-09-24T20:13:54.772+0000] {docker.py:391} INFO - 24/09/24 20:13:54 INFO Executor: Running task 1.0 in stage 0.0 (TID 1)
[2024-09-24T20:13:54.772+0000] {docker.py:391} INFO - 24/09/24 20:13:54 INFO Executor: Running task 3.0 in stage 0.0 (TID 3)
[2024-09-24T20:13:54.773+0000] {docker.py:391} INFO - 24/09/24 20:13:54 INFO Executor: Running task 2.0 in stage 0.0 (TID 2)
24/09/24 20:13:54 INFO Executor: Running task 0.0 in stage 0.0 (TID 0)
[2024-09-24T20:13:54.941+0000] {docker.py:391} INFO - 24/09/24 20:13:54 INFO CodeGenerator: Code generated in 41.609824 ms
[2024-09-24T20:13:54.968+0000] {docker.py:391} INFO - 24/09/24 20:13:54 INFO CodeGenerator: Code generated in 9.960803 ms
[2024-09-24T20:13:54.990+0000] {docker.py:391} INFO - 24/09/24 20:13:54 INFO CodeGenerator: Code generated in 6.271184 ms
[2024-09-24T20:13:55.015+0000] {docker.py:391} INFO - 24/09/24 20:13:55 INFO CodeGenerator: Code generated in 8.613867 ms
[2024-09-24T20:13:55.046+0000] {docker.py:391} INFO - 24/09/24 20:13:55 INFO CodeGenerator: Code generated in 8.687135 ms
[2024-09-24T20:13:55.065+0000] {docker.py:391} INFO - 24/09/24 20:13:55 INFO FileScanRDD: Reading File path: file:///opt/spark/input/2024-09-22.csv, range: 0-89922, partition values: [empty row]
[2024-09-24T20:13:55.068+0000] {docker.py:391} INFO - 24/09/24 20:13:55 INFO FileScanRDD: Reading File path: file:///opt/spark/input/2024-09-23.csv, range: 0-90256, partition values: [empty row]
24/09/24 20:13:55 INFO FileScanRDD: Reading File path: file:///opt/spark/input/2024-09-21.csv, range: 0-90045, partition values: [empty row]
[2024-09-24T20:13:55.069+0000] {docker.py:391} INFO - 24/09/24 20:13:55 INFO FileScanRDD: Reading File path: file:///opt/spark/input/2024-09-18.csv, range: 0-90142, partition values: [empty row]
[2024-09-24T20:13:55.074+0000] {docker.py:391} INFO - 24/09/24 20:13:55 INFO CodeGenerator: Code generated in 10.241313 ms
[2024-09-24T20:13:55.247+0000] {docker.py:391} INFO - 24/09/24 20:13:55 INFO FileScanRDD: Reading File path: file:///opt/spark/input/2024-09-19.csv, range: 0-89953, partition values: [empty row]
[2024-09-24T20:13:55.248+0000] {docker.py:391} INFO - 24/09/24 20:13:55 INFO FileScanRDD: Reading File path: file:///opt/spark/input/2024-09-17.csv, range: 0-90071, partition values: [empty row]
[2024-09-24T20:13:55.253+0000] {docker.py:391} INFO - 24/09/24 20:13:55 INFO FileScanRDD: Reading File path: file:///opt/spark/input/2024-09-20.csv, range: 0-90200, partition values: [empty row]
[2024-09-24T20:13:55.366+0000] {docker.py:391} INFO - 24/09/24 20:13:55 INFO Executor: Finished task 0.0 in stage 0.0 (TID 0). 2808 bytes result sent to driver
24/09/24 20:13:55 INFO Executor: Finished task 1.0 in stage 0.0 (TID 1). 2808 bytes result sent to driver
24/09/24 20:13:55 INFO Executor: Finished task 3.0 in stage 0.0 (TID 3). 2808 bytes result sent to driver
[2024-09-24T20:13:55.366+0000] {docker.py:391} INFO - 24/09/24 20:13:55 INFO Executor: Finished task 2.0 in stage 0.0 (TID 2). 2808 bytes result sent to driver
[2024-09-24T20:13:55.376+0000] {docker.py:391} INFO - 24/09/24 20:13:55 INFO TaskSetManager: Finished task 3.0 in stage 0.0 (TID 3) in 614 ms on d9d642258aad (executor driver) (1/4)
[2024-09-24T20:13:55.378+0000] {docker.py:391} INFO - 24/09/24 20:13:55 INFO TaskSetManager: Finished task 0.0 in stage 0.0 (TID 0) in 631 ms on d9d642258aad (executor driver) (2/4)
[2024-09-24T20:13:55.379+0000] {docker.py:391} INFO - 24/09/24 20:13:55 INFO TaskSetManager: Finished task 2.0 in stage 0.0 (TID 2) in 618 ms on d9d642258aad (executor driver) (3/4)
[2024-09-24T20:13:55.380+0000] {docker.py:391} INFO - 24/09/24 20:13:55 INFO TaskSetManager: Finished task 1.0 in stage 0.0 (TID 1) in 620 ms on d9d642258aad (executor driver) (4/4)
[2024-09-24T20:13:55.381+0000] {docker.py:391} INFO - 24/09/24 20:13:55 INFO TaskSchedulerImpl: Removed TaskSet 0.0, whose tasks have all completed, from pool
[2024-09-24T20:13:55.387+0000] {docker.py:391} INFO - 24/09/24 20:13:55 INFO DAGScheduler: ShuffleMapStage 0 (csv at NativeMethodAccessorImpl.java:0) finished in 0.712 s
[2024-09-24T20:13:55.388+0000] {docker.py:391} INFO - 24/09/24 20:13:55 INFO DAGScheduler: looking for newly runnable stages
[2024-09-24T20:13:55.389+0000] {docker.py:391} INFO - 24/09/24 20:13:55 INFO DAGScheduler: running: Set()
[2024-09-24T20:13:55.390+0000] {docker.py:391} INFO - 24/09/24 20:13:55 INFO DAGScheduler: waiting: Set()
[2024-09-24T20:13:55.391+0000] {docker.py:391} INFO - 24/09/24 20:13:55 INFO DAGScheduler: failed: Set()
[2024-09-24T20:13:55.414+0000] {docker.py:391} INFO - 24/09/24 20:13:55 INFO ShufflePartitionsUtil: For shuffle(0), advisory target size: 67108864, actual target size 1048576, minimum partition size: 1048576
[2024-09-24T20:13:55.463+0000] {docker.py:391} INFO - 24/09/24 20:13:55 INFO FileOutputCommitter: File Output Committer Algorithm version is 1
[2024-09-24T20:13:55.464+0000] {docker.py:391} INFO - 24/09/24 20:13:55 INFO FileOutputCommitter: FileOutputCommitter skip cleanup _temporary folders under output directory:false, ignore cleanup failures: false
[2024-09-24T20:13:55.464+0000] {docker.py:391} INFO - 24/09/24 20:13:55 INFO SQLHadoopMapReduceCommitProtocol: Using output committer class org.apache.hadoop.mapreduce.lib.output.FileOutputCommitter
[2024-09-24T20:13:55.490+0000] {docker.py:391} INFO - 24/09/24 20:13:55 INFO HashAggregateExec: spark.sql.codegen.aggregate.map.twolevel.enabled is set to true, but current version of codegened fast hashmap does not support this aggregate.
[2024-09-24T20:13:55.517+0000] {docker.py:391} INFO - 24/09/24 20:13:55 INFO CodeGenerator: Code generated in 15.819786 ms
[2024-09-24T20:13:55.545+0000] {docker.py:391} INFO - 24/09/24 20:13:55 INFO SparkContext: Starting job: csv at NativeMethodAccessorImpl.java:0
[2024-09-24T20:13:55.548+0000] {docker.py:391} INFO - 24/09/24 20:13:55 INFO DAGScheduler: Got job 1 (csv at NativeMethodAccessorImpl.java:0) with 1 output partitions
[2024-09-24T20:13:55.549+0000] {docker.py:391} INFO - 24/09/24 20:13:55 INFO DAGScheduler: Final stage: ResultStage 2 (csv at NativeMethodAccessorImpl.java:0)
[2024-09-24T20:13:55.550+0000] {docker.py:391} INFO - 24/09/24 20:13:55 INFO DAGScheduler: Parents of final stage: List(ShuffleMapStage 1)
[2024-09-24T20:13:55.551+0000] {docker.py:391} INFO - 24/09/24 20:13:55 INFO DAGScheduler: Missing parents: List()
[2024-09-24T20:13:55.552+0000] {docker.py:391} INFO - 24/09/24 20:13:55 INFO DAGScheduler: Submitting ResultStage 2 (MapPartitionsRDD[6] at csv at NativeMethodAccessorImpl.java:0), which has no missing parents
[2024-09-24T20:13:55.589+0000] {docker.py:391} INFO - 24/09/24 20:13:55 INFO MemoryStore: Block broadcast_2 stored as values in memory (estimated size 247.3 KiB, free 433.9 MiB)
[2024-09-24T20:13:55.591+0000] {docker.py:391} INFO - 24/09/24 20:13:55 INFO MemoryStore: Block broadcast_2_piece0 stored as bytes in memory (estimated size 91.3 KiB, free 433.8 MiB)
[2024-09-24T20:13:55.592+0000] {docker.py:391} INFO - 24/09/24 20:13:55 INFO BlockManagerInfo: Added broadcast_2_piece0 in memory on d9d642258aad:36747 (size: 91.3 KiB, free: 434.3 MiB)
[2024-09-24T20:13:55.593+0000] {docker.py:391} INFO - 24/09/24 20:13:55 INFO SparkContext: Created broadcast 2 from broadcast at DAGScheduler.scala:1585
[2024-09-24T20:13:55.595+0000] {docker.py:391} INFO - 24/09/24 20:13:55 INFO DAGScheduler: Submitting 1 missing tasks from ResultStage 2 (MapPartitionsRDD[6] at csv at NativeMethodAccessorImpl.java:0) (first 15 tasks are for partitions Vector(0))
[2024-09-24T20:13:55.595+0000] {docker.py:391} INFO - 24/09/24 20:13:55 INFO TaskSchedulerImpl: Adding task set 2.0 with 1 tasks resource profile 0
[2024-09-24T20:13:55.601+0000] {docker.py:391} INFO - 24/09/24 20:13:55 INFO TaskSetManager: Starting task 0.0 in stage 2.0 (TID 4) (d9d642258aad, executor driver, partition 0, NODE_LOCAL, 8999 bytes)
[2024-09-24T20:13:55.621+0000] {docker.py:391} INFO - 24/09/24 20:13:55 INFO Executor: Running task 0.0 in stage 2.0 (TID 4)
[2024-09-24T20:13:55.687+0000] {docker.py:391} INFO - 24/09/24 20:13:55 INFO ShuffleBlockFetcherIterator: Getting 4 (4.0 KiB) non-empty blocks including 4 (4.0 KiB) local and 0 (0.0 B) host-local and 0 (0.0 B) push-merged-local and 0 (0.0 B) remote blocks
[2024-09-24T20:13:55.689+0000] {docker.py:391} INFO - 24/09/24 20:13:55 INFO ShuffleBlockFetcherIterator: Started 0 remote fetches in 12 ms
[2024-09-24T20:13:55.712+0000] {docker.py:391} INFO - 24/09/24 20:13:55 INFO CodeGenerator: Code generated in 16.950915 ms
[2024-09-24T20:13:55.714+0000] {docker.py:391} INFO - 24/09/24 20:13:55 INFO FileOutputCommitter: File Output Committer Algorithm version is 1
24/09/24 20:13:55 INFO FileOutputCommitter: FileOutputCommitter skip cleanup _temporary folders under output directory:false, ignore cleanup failures: false
[2024-09-24T20:13:55.715+0000] {docker.py:391} INFO - 24/09/24 20:13:55 INFO SQLHadoopMapReduceCommitProtocol: Using output committer class org.apache.hadoop.mapreduce.lib.output.FileOutputCommitter
[2024-09-24T20:13:55.794+0000] {docker.py:391} INFO - 24/09/24 20:13:55 INFO FileOutputCommitter: Saved output of task 'attempt_202409242013554949548915422179656_0002_m_000000_4' to file:/opt/spark/spark_output_tmp/2024-09-24/_temporary/0/task_202409242013554949548915422179656_0002_m_000000
[2024-09-24T20:13:55.795+0000] {docker.py:391} INFO - 24/09/24 20:13:55 INFO SparkHadoopMapRedUtil: attempt_202409242013554949548915422179656_0002_m_000000_4: Committed. Elapsed time: 1 ms.
[2024-09-24T20:13:55.808+0000] {docker.py:391} INFO - 24/09/24 20:13:55 INFO Executor: Finished task 0.0 in stage 2.0 (TID 4). 6180 bytes result sent to driver
[2024-09-24T20:13:55.809+0000] {docker.py:391} INFO - 24/09/24 20:13:55 INFO TaskSetManager: Finished task 0.0 in stage 2.0 (TID 4) in 211 ms on d9d642258aad (executor driver) (1/1)
[2024-09-24T20:13:55.810+0000] {docker.py:391} INFO - 24/09/24 20:13:55 INFO TaskSchedulerImpl: Removed TaskSet 2.0, whose tasks have all completed, from pool
[2024-09-24T20:13:55.812+0000] {docker.py:391} INFO - 24/09/24 20:13:55 INFO DAGScheduler: ResultStage 2 (csv at NativeMethodAccessorImpl.java:0) finished in 0.249 s
[2024-09-24T20:13:55.814+0000] {docker.py:391} INFO - 24/09/24 20:13:55 INFO DAGScheduler: Job 1 is finished. Cancelling potential speculative or zombie tasks for this job
[2024-09-24T20:13:55.814+0000] {docker.py:391} INFO - 24/09/24 20:13:55 INFO TaskSchedulerImpl: Killing all running tasks in stage 2: Stage finished
[2024-09-24T20:13:55.817+0000] {docker.py:391} INFO - 24/09/24 20:13:55 INFO DAGScheduler: Job 1 finished: csv at NativeMethodAccessorImpl.java:0, took 0.271573 s
[2024-09-24T20:13:55.819+0000] {docker.py:391} INFO - 24/09/24 20:13:55 INFO FileFormatWriter: Start to commit write Job fd91a493-5164-4944-8c94-c278430fba72.
[2024-09-24T20:13:55.842+0000] {docker.py:391} INFO - 24/09/24 20:13:55 INFO FileFormatWriter: Write Job fd91a493-5164-4944-8c94-c278430fba72 committed. Elapsed time: 22 ms.
[2024-09-24T20:13:55.845+0000] {docker.py:391} INFO - 24/09/24 20:13:55 INFO FileFormatWriter: Finished processing stats for write job fd91a493-5164-4944-8c94-c278430fba72.
[2024-09-24T20:13:55.851+0000] {docker.py:391} INFO - 2024-09-24 20:13:55 INFO: Результаты работы Spark помещены в /opt/spark/spark_output_tmp/2024-09-24
[2024-09-24T20:13:55.855+0000] {docker.py:391} INFO - 2024-09-24 20:13:55 INFO: Агрегированные данные успешно перемещены в файл: /opt/spark/output/2024-09-24.csv
[2024-09-24T20:13:55.857+0000] {docker.py:391} INFO - 24/09/24 20:13:55 INFO SparkContext: SparkContext is stopping with exitCode 0.
[2024-09-24T20:13:55.872+0000] {docker.py:391} INFO - 24/09/24 20:13:55 INFO SparkUI: Stopped Spark web UI at http://d9d642258aad:4040
[2024-09-24T20:13:55.885+0000] {docker.py:391} INFO - 24/09/24 20:13:55 INFO MapOutputTrackerMasterEndpoint: MapOutputTrackerMasterEndpoint stopped!
[2024-09-24T20:13:55.900+0000] {docker.py:391} INFO - 24/09/24 20:13:55 INFO MemoryStore: MemoryStore cleared
[2024-09-24T20:13:55.901+0000] {docker.py:391} INFO - 24/09/24 20:13:55 INFO BlockManager: BlockManager stopped
[2024-09-24T20:13:55.910+0000] {docker.py:391} INFO - 24/09/24 20:13:55 INFO BlockManagerMaster: BlockManagerMaster stopped
[2024-09-24T20:13:55.912+0000] {docker.py:391} INFO - 24/09/24 20:13:55 INFO OutputCommitCoordinator$OutputCommitCoordinatorEndpoint: OutputCommitCoordinator stopped!
[2024-09-24T20:13:55.921+0000] {docker.py:391} INFO - 24/09/24 20:13:55 INFO SparkContext: Successfully stopped SparkContext
[2024-09-24T20:13:56.388+0000] {docker.py:391} INFO - 2024-09-24 20:13:56 INFO: Closing down clientserver connection
[2024-09-24T20:13:56.422+0000] {docker.py:391} INFO - 24/09/24 20:13:56 INFO ShutdownHookManager: Shutdown hook called
[2024-09-24T20:13:56.422+0000] {docker.py:391} INFO - 24/09/24 20:13:56 INFO ShutdownHookManager: Deleting directory /tmp/spark-accffa33-27fc-4093-979d-f2d5bbbd3bcd
[2024-09-24T20:13:56.426+0000] {docker.py:391} INFO - 24/09/24 20:13:56 INFO ShutdownHookManager: Deleting directory /tmp/spark-accffa33-27fc-4093-979d-f2d5bbbd3bcd/pyspark-4b86044e-15ef-4cee-90f4-b055fb1ab0eb
[2024-09-24T20:13:56.429+0000] {docker.py:391} INFO - 24/09/24 20:13:56 INFO ShutdownHookManager: Deleting directory /tmp/spark-4f08aa65-269b-476b-b28a-fd2567527d83
[2024-09-24T20:13:56.590+0000] {taskinstance.py:441} INFO - ::group::Post task execution logs
[2024-09-24T20:13:56.613+0000] {taskinstance.py:1206} INFO - Marking task as SUCCESS. dag_id=weekly_spak_agg, task_id=spark_agg_task, run_id=manual__2024-09-24T20:13:45.007992+00:00, execution_date=20240924T201345, start_date=20240924T201346, end_date=20240924T201356
[2024-09-24T20:13:56.707+0000] {local_task_job_runner.py:240} INFO - Task exited with return code 0
[2024-09-24T20:13:56.735+0000] {taskinstance.py:3503} INFO - 0 downstream tasks scheduled from follow-on schedule check
[2024-09-24T20:13:56.737+0000] {local_task_job_runner.py:222} INFO - ::endgroup::
